{
  "RSpec": {
    "coverage": {
      "/Users/xagrh/WORK/RAILS/sample_app/spec/support/utilities.rb": [
        1,
        null,
        1,
        67,
        67,
        11,
        null,
        56,
        null,
        null,
        null,
        1,
        5,
        5,
        5,
        null,
        null,
        1,
        2,
        2,
        null,
        null
      ],
      "/Users/xagrh/WORK/RAILS/sample_app/spec/models/user_spec.rb": [
        1,
        1,
        null,
        1,
        null,
        1,
        22,
        null,
        null,
        null,
        19,
        null,
        null,
        2,
        2,
        2,
        2,
        2,
        2,
        2,
        null,
        null,
        2,
        null,
        1,
        2,
        2,
        null,
        null,
        1,
        2,
        2,
        null,
        null,
        1,
        2,
        2,
        null,
        null,
        1,
        1,
        1,
        1,
        6,
        6,
        null,
        null,
        null,
        null,
        1,
        1,
        1,
        1,
        4,
        4,
        null,
        null,
        null,
        null,
        1,
        1,
        1,
        1,
        1,
        null,
        null,
        2,
        null,
        null,
        1,
        2,
        null,
        1,
        1,
        1,
        1,
        null,
        null,
        null,
        1,
        1,
        1,
        null,
        null,
        2,
        null,
        null,
        1,
        2,
        2,
        null,
        null,
        1,
        4,
        4,
        null,
        1,
        2,
        null,
        null,
        1,
        3,
        null,
        2,
        2,
        null,
        null,
        null,
        1,
        2,
        2,
        null,
        null,
        1,
        2,
        2,
        null,
        null,
        null,
        null,
        null,
        null,
        null,
        null,
        null,
        null,
        null,
        null,
        null,
        null,
        null,
        null
      ],
      "/Users/xagrh/WORK/RAILS/sample_app/app/models/user.rb": [
        1,
        28,
        1,
        null,
        1,
        1,
        1,
        null,
        null,
        null,
        1,
        1,
        null,
        1,
        27,
        null,
        null,
        1,
        91,
        null,
        null,
        1,
        null,
        1,
        17,
        null,
        null,
        null
      ],
      "/Users/xagrh/WORK/RAILS/sample_app/spec/requests/authentication_pages_spec.rb": [
        1,
        null,
        1,
        11,
        null,
        1,
        3,
        null,
        2,
        2,
        null,
        null,
        1,
        9,
        null,
        1,
        4,
        null,
        2,
        2,
        null,
        1,
        2,
        2,
        null,
        null,
        null,
        null,
        1,
        6,
        6,
        null,
        2,
        2,
        2,
        2,
        null,
        1,
        2,
        2,
        null,
        null,
        null,
        null,
        null
      ],
      "/Users/xagrh/WORK/RAILS/sample_app/spec/requests/static_pages_spec.rb": [
        1,
        null,
        1,
        null,
        10,
        null,
        1,
        8,
        8,
        null,
        null,
        1,
        4,
        2,
        2,
        null,
        1,
        2,
        null,
        null,
        1,
        3,
        2,
        2,
        null,
        1,
        null,
        null,
        1,
        3,
        2,
        2,
        null,
        1,
        null,
        null,
        1,
        3,
        2,
        2,
        null,
        1,
        null,
        null,
        1,
        1,
        1,
        1,
        1,
        1,
        1,
        1,
        1,
        1,
        1,
        1,
        1,
        null,
        null,
        null
      ],
      "/Users/xagrh/WORK/RAILS/sample_app/spec/requests/user_pages_spec.rb": [
        1,
        null,
        1,
        null,
        10,
        null,
        1,
        10,
        2,
        2,
        null,
        8,
        null,
        1,
        1,
        2,
        null,
        1,
        3,
        null,
        2,
        2,
        null,
        null,
        null,
        null,
        1,
        1,
        4,
        4,
        4,
        4,
        null,
        null,
        1,
        2,
        null,
        null,
        1,
        4,
        2,
        null,
        2,
        2,
        2,
        null,
        null,
        null,
        null,
        null,
        null,
        null,
        1,
        3,
        3,
        null,
        2,
        2,
        null,
        null,
        null,
        null,
        null
      ],
      "/Users/xagrh/WORK/RAILS/sample_app/app/controllers/users_controller.rb": [
        1,
        1,
        11,
        null,
        null,
        1,
        10,
        null,
        null,
        1,
        7,
        7,
        4,
        4,
        4,
        null,
        3,
        null,
        null,
        null,
        1,
        null,
        1,
        7,
        null,
        null,
        null
      ],
      "/Users/xagrh/WORK/RAILS/sample_app/app/controllers/application_controller.rb": [
        1,
        null,
        null,
        1,
        1,
        null
      ],
      "/Users/xagrh/WORK/RAILS/sample_app/app/controllers/sessions_controller.rb": [
        1,
        null,
        1,
        null,
        null,
        null,
        1,
        8,
        8,
        5,
        5,
        null,
        null,
        3,
        3,
        null,
        null,
        null,
        null,
        1,
        1,
        1,
        null,
        null,
        null
      ],
      "/Users/xagrh/WORK/RAILS/sample_app/app/controllers/static_pages_controller.rb": [
        1,
        1,
        null,
        null,
        1,
        null,
        null,
        1,
        null,
        null,
        1,
        null,
        null
      ]
    },
    "timestamp": 1420285858
  }
}
