{
  "RSpec": {
    "coverage": {
      "/Users/Macbook/rails/sample_app/spec/support/utilities.rb": [
        1,
        null,
        1,
        169,
        169,
        17,
        null,
        152,
        null,
        null,
        null,
        1,
        0,
        0,
        0,
        null,
        null,
        1,
        36,
        null,
        6,
        6,
        6,
        null,
        30,
        30,
        30,
        30,
        null,
        null,
        null,
        1,
        2,
        2,
        null,
        null
      ],
      "/Users/Macbook/rails/sample_app/spec/models/micropost_spec.rb": [
        1,
        null,
        1,
        9,
        null,
        9,
        null,
        9,
        null,
        2,
        2,
        2,
        2,
        null,
        2,
        null,
        1,
        2,
        2,
        null,
        null,
        1,
        2,
        2,
        null,
        null,
        1,
        2,
        2,
        null,
        null,
        null
      ],
      "/Users/Macbook/rails/sample_app/app/models/micropost.rb": [
        1,
        1,
        null,
        117,
        1,
        1,
        null
      ],
      "/Users/Macbook/rails/sample_app/spec/models/user_spec.rb": [
        1,
        1,
        null,
        1,
        null,
        1,
        28,
        null,
        null,
        null,
        23,
        null,
        null,
        2,
        2,
        2,
        2,
        2,
        2,
        2,
        2,
        2,
        null,
        2,
        2,
        null,
        1,
        1,
        1,
        1,
        null,
        null,
        2,
        null,
        null,
        1,
        2,
        2,
        null,
        null,
        1,
        2,
        2,
        null,
        null,
        1,
        2,
        2,
        null,
        null,
        1,
        1,
        1,
        1,
        6,
        6,
        null,
        null,
        null,
        null,
        1,
        1,
        1,
        1,
        4,
        4,
        null,
        null,
        null,
        null,
        1,
        1,
        1,
        1,
        1,
        null,
        null,
        2,
        null,
        null,
        1,
        2,
        null,
        1,
        1,
        1,
        1,
        null,
        null,
        null,
        1,
        1,
        1,
        null,
        null,
        2,
        null,
        null,
        1,
        2,
        2,
        null,
        null,
        1,
        4,
        4,
        null,
        1,
        2,
        null,
        null,
        1,
        3,
        null,
        2,
        2,
        null,
        null,
        null,
        1,
        2,
        2,
        null,
        null,
        1,
        2,
        2,
        null,
        null,
        null,
        null,
        null,
        1,
        null,
        3,
        1,
        2,
        null,
        1,
        2,
        null,
        null,
        1,
        1,
        null,
        null,
        1,
        1,
        1,
        1,
        1,
        2,
        null,
        null,
        null,
        null,
        null,
        null,
        null,
        null,
        null,
        null,
        null,
        null,
        null,
        null,
        null,
        null,
        null
      ],
      "/Users/Macbook/rails/sample_app/app/models/user.rb": [
        1,
        1,
        null,
        156,
        1,
        null,
        1,
        1,
        1,
        null,
        null,
        null,
        1,
        1,
        null,
        1,
        148,
        null,
        null,
        1,
        666,
        null,
        null,
        1,
        null,
        1,
        103,
        null,
        null,
        null
      ],
      "/Users/Macbook/rails/sample_app/spec/requests/authentication_pages_spec.rb": [
        1,
        null,
        1,
        17,
        null,
        1,
        3,
        null,
        2,
        2,
        null,
        null,
        1,
        11,
        null,
        1,
        4,
        null,
        2,
        2,
        null,
        1,
        2,
        2,
        null,
        null,
        null,
        null,
        1,
        8,
        8,
        null,
        2,
        2,
        2,
        2,
        2,
        2,
        null,
        1,
        2,
        2,
        null,
        null,
        null,
        null,
        null,
        1,
        null,
        1,
        7,
        null,
        2,
        2,
        null,
        1,
        1,
        2,
        2,
        2,
        2,
        null,
        null,
        1,
        null,
        1,
        1,
        null,
        null,
        1,
        1,
        1,
        1,
        1,
        1,
        1,
        null,
        null,
        1,
        1,
        null,
        null,
        null,
        null,
        null,
        1,
        null,
        1,
        2,
        2,
        null,
        null,
        1,
        2,
        2,
        null,
        null,
        1,
        2,
        2,
        null,
        null,
        null,
        1,
        null,
        1,
        2,
        2,
        null,
        null,
        1,
        2,
        2,
        null,
        null,
        null,
        null,
        1,
        4,
        4,
        4,
        null,
        1,
        3,
        2,
        2,
        null,
        null,
        1,
        2,
        2,
        null,
        null,
        null,
        1,
        2,
        2,
        null,
        2,
        null,
        1,
        2,
        2,
        null,
        null,
        null,
        1,
        2,
        2,
        null,
        1,
        2,
        null,
        null,
        null,
        null
      ],
      "/Users/Macbook/rails/sample_app/spec/requests/micropost_pages_spec.rb": [
        1,
        null,
        1,
        null,
        2,
        null,
        4,
        4,
        null,
        1,
        4,
        null,
        1,
        null,
        1,
        2,
        null,
        null,
        1,
        2,
        2,
        null,
        null,
        null,
        1,
        null,
        2,
        1,
        2,
        null,
        null,
        null,
        null
      ],
      "/Users/Macbook/rails/sample_app/spec/requests/static_pages_spec.rb": [
        1,
        null,
        1,
        null,
        10,
        null,
        1,
        8,
        8,
        null,
        null,
        1,
        4,
        2,
        2,
        null,
        1,
        2,
        null,
        null,
        1,
        3,
        2,
        2,
        null,
        1,
        null,
        null,
        1,
        3,
        2,
        2,
        null,
        1,
        null,
        null,
        1,
        3,
        2,
        2,
        null,
        1,
        null,
        null,
        1,
        1,
        1,
        1,
        1,
        1,
        1,
        1,
        1,
        1,
        1,
        1,
        1,
        null,
        null,
        null
      ],
      "/Users/Macbook/rails/sample_app/spec/requests/user_pages_spec.rb": [
        1,
        null,
        1,
        null,
        26,
        null,
        1,
        9,
        1,
        8,
        8,
        null,
        null,
        2,
        2,
        null,
        1,
        null,
        32,
        2,
        null,
        2,
        null,
        1,
        1,
        30,
        null,
        null,
        null,
        null,
        1,
        null,
        2,
        null,
        1,
        4,
        1,
        3,
        3,
        null,
        null,
        2,
        1,
        1,
        1,
        null,
        null,
        2,
        null,
        null,
        null,
        null,
        null,
        1,
        10,
        2,
        2,
        null,
        8,
        null,
        1,
        1,
        2,
        null,
        1,
        3,
        null,
        2,
        2,
        null,
        null,
        null,
        null,
        1,
        1,
        4,
        4,
        4,
        4,
        null,
        null,
        1,
        2,
        null,
        null,
        1,
        4,
        2,
        null,
        2,
        2,
        2,
        null,
        null,
        null,
        null,
        null,
        1,
        6,
        6,
        6,
        null,
        6,
        null,
        2,
        2,
        null,
        1,
        2,
        2,
        2,
        null,
        null,
        null,
        null,
        1,
        10,
        1,
        9,
        9,
        null,
        null,
        null,
        1,
        2,
        2,
        2,
        null,
        null,
        1,
        2,
        null,
        2,
        null,
        null,
        1,
        6,
        6,
        1,
        5,
        5,
        5,
        5,
        5,
        null,
        null,
        2,
        2,
        2,
        2,
        2,
        null,
        null,
        null,
        1,
        2,
        1,
        null,
        1,
        null,
        1,
        1,
        1,
        null,
        2,
        null,
        null,
        null
      ],
      "/Users/Macbook/rails/sample_app/app/controllers/sessions_controller.rb": [
        1,
        null,
        1,
        null,
        null,
        null,
        1,
        36,
        36,
        33,
        33,
        null,
        null,
        3,
        3,
        null,
        null,
        null,
        null,
        1,
        2,
        2,
        null,
        null,
        null
      ],
      "/Users/Macbook/rails/sample_app/app/controllers/application_controller.rb": [
        1,
        null,
        null,
        1,
        1,
        null
      ],
      "/Users/Macbook/rails/sample_app/app/controllers/users_controller.rb": [
        1,
        1,
        1,
        1,
        null,
        1,
        12,
        null,
        null,
        1,
        45,
        45,
        null,
        null,
        1,
        10,
        null,
        null,
        1,
        7,
        7,
        4,
        4,
        4,
        null,
        3,
        null,
        null,
        null,
        1,
        null,
        null,
        1,
        7,
        6,
        6,
        null,
        1,
        null,
        null,
        null,
        1,
        2,
        2,
        1,
        1,
        null,
        1,
        1,
        1,
        null,
        null,
        null,
        1,
        null,
        1,
        14,
        null,
        null,
        null,
        null,
        null,
        1,
        21,
        21,
        null,
        null,
        1,
        3,
        null,
        null
      ],
      "/Users/Macbook/rails/sample_app/app/controllers/static_pages_controller.rb": [
        1,
        1,
        12,
        null,
        null,
        1,
        null,
        null,
        1,
        null,
        null,
        1,
        null,
        null
      ],
      "/Users/Macbook/rails/sample_app/app/controllers/microposts_controller.rb": [
        1,
        1,
        null,
        1,
        3,
        3,
        1,
        1,
        null,
        2,
        null,
        null,
        null,
        1,
        null,
        null,
        1,
        null,
        1,
        3,
        null,
        null,
        null
      ]
    },
    "timestamp": 1421686965
  }
}
